<?xml version="1.0" encoding="UTF-8"?>
<testsuite xmlns:xsi="http://www.w3.org/2001/XMLSchema-instance" xsi:noNamespaceSchemaLocation="https://maven.apache.org/surefire/maven-surefire-plugin/xsd/surefire-test-report.xsd" name="pl.coderslab.tweeterapp.TweeterAppApplicationTests" time="0.911" tests="1" errors="1" skipped="0" failures="0">
  <properties>
[...]
</properties>
  <testcase name="initializationError" classname="pl.coderslab.tweeterapp.TweeterAppApplicationTests" time="0.013">
    <error message="Unable to find a @SpringBootConfiguration, you need to use @ContextConfiguration or @SpringBootTest(classes=...) with your test" type="java.lang.IllegalStateException">java.lang.IllegalStateException: Unable to find a @SpringBootConfiguration, you need to use @ContextConfiguration or @SpringBootTest(classes=...) with your test
</error>
    <system-out><![CDATA[21:46:25.089 [main] DEBUG org.springframework.test.context.junit4.SpringJUnit4ClassRunner - SpringJUnit4ClassRunner constructor called with [class pl.coderslab.tweeterapp.TweeterAppApplicationTests]
21:46:25.099 [main] DEBUG org.springframework.test.context.BootstrapUtils - Instantiating CacheAwareContextLoaderDelegate from class [org.springframework.test.context.cache.DefaultCacheAwareContextLoaderDelegate]
21:46:25.113 [main] DEBUG org.springframework.test.context.BootstrapUtils - Instantiating BootstrapContext using constructor [public org.springframework.test.context.support.DefaultBootstrapContext(java.lang.Class,org.springframework.test.context.CacheAwareContextLoaderDelegate)]
21:46:25.146 [main] DEBUG org.springframework.test.context.BootstrapUtils - Instantiating TestContextBootstrapper for test class [pl.coderslab.tweeterapp.TweeterAppApplicationTests] from class [org.springframework.boot.test.context.SpringBootTestContextBootstrapper]
21:46:25.177 [main] INFO org.springframework.boot.test.context.SpringBootTestContextBootstrapper - Neither @ContextConfiguration nor @ContextHierarchy found for test class [pl.coderslab.tweeterapp.TweeterAppApplicationTests], using SpringBootContextLoader
21:46:25.185 [main] DEBUG org.springframework.test.context.support.AbstractContextLoader - Did not detect default resource location for test class [pl.coderslab.tweeterapp.TweeterAppApplicationTests]: class path resource [pl/coderslab/tweeterapp/TweeterAppApplicationTests-context.xml] does not exist
21:46:25.185 [main] DEBUG org.springframework.test.context.support.AbstractContextLoader - Did not detect default resource location for test class [pl.coderslab.tweeterapp.TweeterAppApplicationTests]: class path resource [pl/coderslab/tweeterapp/TweeterAppApplicationTestsContext.groovy] does not exist
21:46:25.186 [main] INFO org.springframework.test.context.support.AbstractContextLoader - Could not detect default resource locations for test class [pl.coderslab.tweeterapp.TweeterAppApplicationTests]: no resource found for suffixes {-context.xml, Context.groovy}.
21:46:25.187 [main] INFO org.springframework.test.context.support.AnnotationConfigContextLoaderUtils - Could not detect default configuration classes for test class [pl.coderslab.tweeterapp.TweeterAppApplicationTests]: TweeterAppApplicationTests does not declare any static, non-private, non-final, nested classes annotated with @Configuration.
21:46:25.309 [main] DEBUG org.springframework.test.context.support.ActiveProfilesUtils - Could not find an 'annotation declaring class' for annotation type [org.springframework.test.context.ActiveProfiles] and class [pl.coderslab.tweeterapp.TweeterAppApplicationTests]
21:46:25.351 [main] DEBUG org.springframework.core.env.StandardEnvironment - Adding PropertySource 'systemProperties' with lowest search precedence
21:46:25.354 [main] DEBUG org.springframework.core.env.StandardEnvironment - Adding PropertySource 'systemEnvironment' with lowest search precedence
21:46:25.355 [main] DEBUG org.springframework.core.env.StandardEnvironment - Initialized StandardEnvironment with PropertySources [MapPropertySource@1205445235 {name='systemProperties', properties={gopherProxySet=false, awt.toolkit=sun.lwawt.macosx.LWCToolkit, java.specification.version=9, file.encoding.pkg=sun.io, sun.cpu.isalist=, sun.jnu.encoding=UTF-8, java.class.path=/Users/martakepa/Desktop/prework/tweeter-app/target/test-classes:/Users/martakepa/Desktop/prework/tweeter-app/target/classes:/Users/martakepa/.m2/repository/org/springframework/boot/spring-boot-starter-data-jpa/2.0.4.RELEASE/spring-boot-starter-data-jpa-2.0.4.RELEASE.jar:/Users/martakepa/.m2/repository/org/springframework/boot/spring-boot-starter/2.0.4.RELEASE/spring-boot-starter-2.0.4.RELEASE.jar:/Users/martakepa/.m2/repository/org/springframework/boot/spring-boot/2.0.4.RELEASE/spring-boot-2.0.4.RELEASE.jar:/Users/martakepa/.m2/repository/org/springframework/boot/spring-boot-autoconfigure/2.0.4.RELEASE/spring-boot-autoconfigure-2.0.4.RELEASE.jar:/Users/martakepa/.m2/repository/org/springframework/boot/spring-boot-starter-logging/2.0.4.RELEASE/spring-boot-starter-logging-2.0.4.RELEASE.jar:/Users/martakepa/.m2/repository/ch/qos/logback/logback-classic/1.2.3/logback-classic-1.2.3.jar:/Users/martakepa/.m2/repository/ch/qos/logback/logback-core/1.2.3/logback-core-1.2.3.jar:/Users/martakepa/.m2/repository/org/apache/logging/log4j/log4j-to-slf4j/2.10.0/log4j-to-slf4j-2.10.0.jar:/Users/martakepa/.m2/repository/org/apache/logging/log4j/log4j-api/2.10.0/log4j-api-2.10.0.jar:/Users/martakepa/.m2/repository/org/slf4j/jul-to-slf4j/1.7.25/jul-to-slf4j-1.7.25.jar:/Users/martakepa/.m2/repository/javax/annotation/javax.annotation-api/1.3.2/javax.annotation-api-1.3.2.jar:/Users/martakepa/.m2/repository/org/yaml/snakeyaml/1.19/snakeyaml-1.19.jar:/Users/martakepa/.m2/repository/org/springframework/boot/spring-boot-starter-aop/2.0.4.RELEASE/spring-boot-starter-aop-2.0.4.RELEASE.jar:/Users/martakepa/.m2/repository/org/springframework/spring-aop/5.0.8.RELEASE/spring-aop-5.0.8.RELEASE.jar:/Users/martakepa/.m2/repository/org/aspectj/aspectjweaver/1.8.13/aspectjweaver-1.8.13.jar:/Users/martakepa/.m2/repository/org/springframework/boot/spring-boot-starter-jdbc/2.0.4.RELEASE/spring-boot-starter-jdbc-2.0.4.RELEASE.jar:/Users/martakepa/.m2/repository/com/zaxxer/HikariCP/2.7.9/HikariCP-2.7.9.jar:/Users/martakepa/.m2/repository/org/springframework/spring-jdbc/5.0.8.RELEASE/spring-jdbc-5.0.8.RELEASE.jar:/Users/martakepa/.m2/repository/org/hibernate/hibernate-core/5.2.17.Final/hibernate-core-5.2.17.Final.jar:/Users/martakepa/.m2/repository/org/jboss/logging/jboss-logging/3.3.2.Final/jboss-logging-3.3.2.Final.jar:/Users/martakepa/.m2/repository/org/hibernate/javax/persistence/hibernate-jpa-2.1-api/1.0.2.Final/hibernate-jpa-2.1-api-1.0.2.Final.jar:/Users/martakepa/.m2/repository/org/javassist/javassist/3.22.0-GA/javassist-3.22.0-GA.jar:/Users/martakepa/.m2/repository/antlr/antlr/2.7.7/antlr-2.7.7.jar:/Users/martakepa/.m2/repository/org/jboss/jandex/2.0.3.Final/jandex-2.0.3.Final.jar:/Users/martakepa/.m2/repository/com/fasterxml/classmate/1.3.4/classmate-1.3.4.jar:/Users/martakepa/.m2/repository/dom4j/dom4j/1.6.1/dom4j-1.6.1.jar:/Users/martakepa/.m2/repository/org/hibernate/common/hibernate-commons-annotations/5.0.1.Final/hibernate-commons-annotations-5.0.1.Final.jar:/Users/martakepa/.m2/repository/javax/transaction/javax.transaction-api/1.2/javax.transaction-api-1.2.jar:/Users/martakepa/.m2/repository/org/springframework/data/spring-data-jpa/2.0.9.RELEASE/spring-data-jpa-2.0.9.RELEASE.jar:/Users/martakepa/.m2/repository/org/springframework/data/spring-data-commons/2.0.9.RELEASE/spring-data-commons-2.0.9.RELEASE.jar:/Users/martakepa/.m2/repository/org/springframework/spring-orm/5.0.8.RELEASE/spring-orm-5.0.8.RELEASE.jar:/Users/martakepa/.m2/repository/org/springframework/spring-context/5.0.8.RELEASE/spring-context-5.0.8.RELEASE.jar:/Users/martakepa/.m2/repository/org/springframework/spring-tx/5.0.8.RELEASE/spring-tx-5.0.8.RELEASE.jar:/Users/martakepa/.m2/repository/org/springframework/spring-beans/5.0.8.RELEASE/spring-beans-5.0.8.RELEASE.jar:/Users/martakepa/.m2/repository/org/slf4j/slf4j-api/1.7.25/slf4j-api-1.7.25.jar:/Users/martakepa/.m2/repository/org/springframework/spring-aspects/5.0.8.RELEASE/spring-aspects-5.0.8.RELEASE.jar:/Users/martakepa/.m2/repository/org/springframework/boot/spring-boot-starter-web/2.0.4.RELEASE/spring-boot-starter-web-2.0.4.RELEASE.jar:/Users/martakepa/.m2/repository/org/springframework/boot/spring-boot-starter-json/2.0.4.RELEASE/spring-boot-starter-json-2.0.4.RELEASE.jar:/Users/martakepa/.m2/repository/com/fasterxml/jackson/core/jackson-databind/2.9.6/jackson-databind-2.9.6.jar:/Users/martakepa/.m2/repository/com/fasterxml/jackson/core/jackson-annotations/2.9.0/jackson-annotations-2.9.0.jar:/Users/martakepa/.m2/repository/com/fasterxml/jackson/core/jackson-core/2.9.6/jackson-core-2.9.6.jar:/Users/martakepa/.m2/repository/com/fasterxml/jackson/datatype/jackson-datatype-jdk8/2.9.6/jackson-datatype-jdk8-2.9.6.jar:/Users/martakepa/.m2/repository/com/fasterxml/jackson/datatype/jackson-datatype-jsr310/2.9.6/jackson-datatype-jsr310-2.9.6.jar:/Users/martakepa/.m2/repository/com/fasterxml/jackson/module/jackson-module-parameter-names/2.9.6/jackson-module-parameter-names-2.9.6.jar:/Users/martakepa/.m2/repository/org/springframework/boot/spring-boot-starter-tomcat/2.0.4.RELEASE/spring-boot-starter-tomcat-2.0.4.RELEASE.jar:/Users/martakepa/.m2/repository/org/apache/tomcat/embed/tomcat-embed-websocket/8.5.32/tomcat-embed-websocket-8.5.32.jar:/Users/martakepa/.m2/repository/org/hibernate/validator/hibernate-validator/6.0.11.Final/hibernate-validator-6.0.11.Final.jar:/Users/martakepa/.m2/repository/javax/validation/validation-api/2.0.1.Final/validation-api-2.0.1.Final.jar:/Users/martakepa/.m2/repository/org/springframework/spring-web/5.0.8.RELEASE/spring-web-5.0.8.RELEASE.jar:/Users/martakepa/.m2/repository/org/springframework/spring-webmvc/5.0.8.RELEASE/spring-webmvc-5.0.8.RELEASE.jar:/Users/martakepa/.m2/repository/org/springframework/spring-expression/5.0.8.RELEASE/spring-expression-5.0.8.RELEASE.jar:/Users/martakepa/.m2/repository/org/springframework/boot/spring-boot-starter-test/2.0.4.RELEASE/spring-boot-starter-test-2.0.4.RELEASE.jar:/Users/martakepa/.m2/repository/org/springframework/boot/spring-boot-test/2.0.4.RELEASE/spring-boot-test-2.0.4.RELEASE.jar:/Users/martakepa/.m2/repository/org/springframework/boot/spring-boot-test-autoconfigure/2.0.4.RELEASE/spring-boot-test-autoconfigure-2.0.4.RELEASE.jar:/Users/martakepa/.m2/repository/com/jayway/jsonpath/json-path/2.4.0/json-path-2.4.0.jar:/Users/martakepa/.m2/repository/net/minidev/json-smart/2.3/json-smart-2.3.jar:/Users/martakepa/.m2/repository/net/minidev/accessors-smart/1.2/accessors-smart-1.2.jar:/Users/martakepa/.m2/repository/org/ow2/asm/asm/5.0.4/asm-5.0.4.jar:/Users/martakepa/.m2/repository/junit/junit/4.12/junit-4.12.jar:/Users/martakepa/.m2/repository/org/assertj/assertj-core/3.9.1/assertj-core-3.9.1.jar:/Users/martakepa/.m2/repository/org/mockito/mockito-core/2.15.0/mockito-core-2.15.0.jar:/Users/martakepa/.m2/repository/net/bytebuddy/byte-buddy/1.7.11/byte-buddy-1.7.11.jar:/Users/martakepa/.m2/repository/net/bytebuddy/byte-buddy-agent/1.7.11/byte-buddy-agent-1.7.11.jar:/Users/martakepa/.m2/repository/org/objenesis/objenesis/2.6/objenesis-2.6.jar:/Users/martakepa/.m2/repository/org/hamcrest/hamcrest-core/1.3/hamcrest-core-1.3.jar:/Users/martakepa/.m2/repository/org/hamcrest/hamcrest-library/1.3/hamcrest-library-1.3.jar:/Users/martakepa/.m2/repository/org/skyscreamer/jsonassert/1.5.0/jsonassert-1.5.0.jar:/Users/martakepa/.m2/repository/com/vaadin/external/google/android-json/0.0.20131108.vaadin1/android-json-0.0.20131108.vaadin1.jar:/Users/martakepa/.m2/repository/org/springframework/spring-core/5.0.8.RELEASE/spring-core-5.0.8.RELEASE.jar:/Users/martakepa/.m2/repository/org/springframework/spring-jcl/5.0.8.RELEASE/spring-jcl-5.0.8.RELEASE.jar:/Users/martakepa/.m2/repository/org/springframework/spring-test/5.0.8.RELEASE/spring-test-5.0.8.RELEASE.jar:/Users/martakepa/.m2/repository/org/xmlunit/xmlunit-core/2.5.1/xmlunit-core-2.5.1.jar:/Users/martakepa/.m2/repository/mysql/mysql-connector-java/5.1.46/mysql-connector-java-5.1.46.jar:/Users/martakepa/.m2/repository/taglibs/standard/1.1.2/standard-1.1.2.jar:/Users/martakepa/.m2/repository/org/projectlombok/lombok/1.18.2/lombok-1.18.2.jar:/Users/martakepa/.m2/repository/org/springframework/boot/spring-boot-starter-thymeleaf/2.0.4.RELEASE/spring-boot-starter-thymeleaf-2.0.4.RELEASE.jar:/Users/martakepa/.m2/repository/org/thymeleaf/thymeleaf-spring5/3.0.9.RELEASE/thymeleaf-spring5-3.0.9.RELEASE.jar:/Users/martakepa/.m2/repository/org/thymeleaf/thymeleaf/3.0.9.RELEASE/thymeleaf-3.0.9.RELEASE.jar:/Users/martakepa/.m2/repository/org/attoparser/attoparser/2.0.4.RELEASE/attoparser-2.0.4.RELEASE.jar:/Users/martakepa/.m2/repository/org/unbescape/unbescape/1.1.5.RELEASE/unbescape-1.1.5.RELEASE.jar:/Users/martakepa/.m2/repository/org/thymeleaf/extras/thymeleaf-extras-java8time/3.0.1.RELEASE/thymeleaf-extras-java8time-3.0.1.RELEASE.jar:/Users/martakepa/.m2/repository/org/mindrot/jbcrypt/0.4/jbcrypt-0.4.jar:/Users/martakepa/.m2/repository/javax/servlet/jsp/jstl/javax.servlet.jsp.jstl-api/1.2.1/javax.servlet.jsp.jstl-api-1.2.1.jar:/Users/martakepa/.m2/repository/org/apache/tomcat/embed/tomcat-embed-jasper/8.5.32/tomcat-embed-jasper-8.5.32.jar:/Users/martakepa/.m2/repository/org/apache/tomcat/embed/tomcat-embed-core/8.5.32/tomcat-embed-core-8.5.32.jar:/Users/martakepa/.m2/repository/org/apache/tomcat/tomcat-annotations-api/8.5.32/tomcat-annotations-api-8.5.32.jar:/Users/martakepa/.m2/repository/org/apache/tomcat/embed/tomcat-embed-el/8.5.32/tomcat-embed-el-8.5.32.jar:/Users/martakepa/.m2/repository/org/eclipse/jdt/ecj/3.12.3/ecj-3.12.3.jar:, java.vm.vendor=Oracle Corporation, sun.arch.data.model=64, java.vendor.url=http://java.oracle.com/, user.timezone=Europe/Warsaw, os.name=Mac OS X, java.vm.specification.version=9, sun.java.launcher=SUN_STANDARD, user.country=PL, sun.boot.library.path=/Library/Java/JavaVirtualMachines/jdk-9.0.1.jdk/Contents/Home/lib, sun.java.command=/Users/martakepa/Desktop/prework/tweeter-app/target/surefire/surefirebooter16522433382349621244.jar /Users/martakepa/Desktop/prework/tweeter-app/target/surefire 2018-11-20T21-46-23_443-jvmRun1 surefire10368283781170539884tmp surefire_011387122345585670495tmp, http.nonProxyHosts=local|*.local|169.254/16|*.169.254/16, jdk.debug=release, surefire.test.class.path=/Users/martakepa/Desktop/prework/tweeter-app/target/test-classes:/Users/martakepa/Desktop/prework/tweeter-app/target/classes:/Users/martakepa/.m2/repository/org/springframework/boot/spring-boot-starter-data-jpa/2.0.4.RELEASE/spring-boot-starter-data-jpa-2.0.4.RELEASE.jar:/Users/martakepa/.m2/repository/org/springframework/boot/spring-boot-starter/2.0.4.RELEASE/spring-boot-starter-2.0.4.RELEASE.jar:/Users/martakepa/.m2/repository/org/springframework/boot/spring-boot/2.0.4.RELEASE/spring-boot-2.0.4.RELEASE.jar:/Users/martakepa/.m2/repository/org/springframework/boot/spring-boot-autoconfigure/2.0.4.RELEASE/spring-boot-autoconfigure-2.0.4.RELEASE.jar:/Users/martakepa/.m2/repository/org/springframework/boot/spring-boot-starter-logging/2.0.4.RELEASE/spring-boot-starter-logging-2.0.4.RELEASE.jar:/Users/martakepa/.m2/repository/ch/qos/logback/logback-classic/1.2.3/logback-classic-1.2.3.jar:/Users/martakepa/.m2/repository/ch/qos/logback/logback-core/1.2.3/logback-core-1.2.3.jar:/Users/martakepa/.m2/repository/org/apache/logging/log4j/log4j-to-slf4j/2.10.0/log4j-to-slf4j-2.10.0.jar:/Users/martakepa/.m2/repository/org/apache/logging/log4j/log4j-api/2.10.0/log4j-api-2.10.0.jar:/Users/martakepa/.m2/repository/org/slf4j/jul-to-slf4j/1.7.25/jul-to-slf4j-1.7.25.jar:/Users/martakepa/.m2/repository/javax/annotation/javax.annotation-api/1.3.2/javax.annotation-api-1.3.2.jar:/Users/martakepa/.m2/repository/org/yaml/snakeyaml/1.19/snakeyaml-1.19.jar:/Users/martakepa/.m2/repository/org/springframework/boot/spring-boot-starter-aop/2.0.4.RELEASE/spring-boot-starter-aop-2.0.4.RELEASE.jar:/Users/martakepa/.m2/repository/org/springframework/spring-aop/5.0.8.RELEASE/spring-aop-5.0.8.RELEASE.jar:/Users/martakepa/.m2/repository/org/aspectj/aspectjweaver/1.8.13/aspectjweaver-1.8.13.jar:/Users/martakepa/.m2/repository/org/springframework/boot/spring-boot-starter-jdbc/2.0.4.RELEASE/spring-boot-starter-jdbc-2.0.4.RELEASE.jar:/Users/martakepa/.m2/repository/com/zaxxer/HikariCP/2.7.9/HikariCP-2.7.9.jar:/Users/martakepa/.m2/repository/org/springframework/spring-jdbc/5.0.8.RELEASE/spring-jdbc-5.0.8.RELEASE.jar:/Users/martakepa/.m2/repository/org/hibernate/hibernate-core/5.2.17.Final/hibernate-core-5.2.17.Final.jar:/Users/martakepa/.m2/repository/org/jboss/logging/jboss-logging/3.3.2.Final/jboss-logging-3.3.2.Final.jar:/Users/martakepa/.m2/repository/org/hibernate/javax/persistence/hibernate-jpa-2.1-api/1.0.2.Final/hibernate-jpa-2.1-api-1.0.2.Final.jar:/Users/martakepa/.m2/repository/org/javassist/javassist/3.22.0-GA/javassist-3.22.0-GA.jar:/Users/martakepa/.m2/repository/antlr/antlr/2.7.7/antlr-2.7.7.jar:/Users/martakepa/.m2/repository/org/jboss/jandex/2.0.3.Final/jandex-2.0.3.Final.jar:/Users/martakepa/.m2/repository/com/fasterxml/classmate/1.3.4/classmate-1.3.4.jar:/Users/martakepa/.m2/repository/dom4j/dom4j/1.6.1/dom4j-1.6.1.jar:/Users/martakepa/.m2/repository/org/hibernate/common/hibernate-commons-annotations/5.0.1.Final/hibernate-commons-annotations-5.0.1.Final.jar:/Users/martakepa/.m2/repository/javax/transaction/javax.transaction-api/1.2/javax.transaction-api-1.2.jar:/Users/martakepa/.m2/repository/org/springframework/data/spring-data-jpa/2.0.9.RELEASE/spring-data-jpa-2.0.9.RELEASE.jar:/Users/martakepa/.m2/repository/org/springframework/data/spring-data-commons/2.0.9.RELEASE/spring-data-commons-2.0.9.RELEASE.jar:/Users/martakepa/.m2/repository/org/springframework/spring-orm/5.0.8.RELEASE/spring-orm-5.0.8.RELEASE.jar:/Users/martakepa/.m2/repository/org/springframework/spring-context/5.0.8.RELEASE/spring-context-5.0.8.RELEASE.jar:/Users/martakepa/.m2/repository/org/springframework/spring-tx/5.0.8.RELEASE/spring-tx-5.0.8.RELEASE.jar:/Users/martakepa/.m2/repository/org/springframework/spring-beans/5.0.8.RELEASE/spring-beans-5.0.8.RELEASE.jar:/Users/martakepa/.m2/repository/org/slf4j/slf4j-api/1.7.25/slf4j-api-1.7.25.jar:/Users/martakepa/.m2/repository/org/springframework/spring-aspects/5.0.8.RELEASE/spring-aspects-5.0.8.RELEASE.jar:/Users/martakepa/.m2/repository/org/springframework/boot/spring-boot-starter-web/2.0.4.RELEASE/spring-boot-starter-web-2.0.4.RELEASE.jar:/Users/martakepa/.m2/repository/org/springframework/boot/spring-boot-starter-json/2.0.4.RELEASE/spring-boot-starter-json-2.0.4.RELEASE.jar:/Users/martakepa/.m2/repository/com/fasterxml/jackson/core/jackson-databind/2.9.6/jackson-databind-2.9.6.jar:/Users/martakepa/.m2/repository/com/fasterxml/jackson/core/jackson-annotations/2.9.0/jackson-annotations-2.9.0.jar:/Users/martakepa/.m2/repository/com/fasterxml/jackson/core/jackson-core/2.9.6/jackson-core-2.9.6.jar:/Users/martakepa/.m2/repository/com/fasterxml/jackson/datatype/jackson-datatype-jdk8/2.9.6/jackson-datatype-jdk8-2.9.6.jar:/Users/martakepa/.m2/repository/com/fasterxml/jackson/datatype/jackson-datatype-jsr310/2.9.6/jackson-datatype-jsr310-2.9.6.jar:/Users/martakepa/.m2/repository/com/fasterxml/jackson/module/jackson-module-parameter-names/2.9.6/jackson-module-parameter-names-2.9.6.jar:/Users/martakepa/.m2/repository/org/springframework/boot/spring-boot-starter-tomcat/2.0.4.RELEASE/spring-boot-starter-tomcat-2.0.4.RELEASE.jar:/Users/martakepa/.m2/repository/org/apache/tomcat/embed/tomcat-embed-websocket/8.5.32/tomcat-embed-websocket-8.5.32.jar:/Users/martakepa/.m2/repository/org/hibernate/validator/hibernate-validator/6.0.11.Final/hibernate-validator-6.0.11.Final.jar:/Users/martakepa/.m2/repository/javax/validation/validation-api/2.0.1.Final/validation-api-2.0.1.Final.jar:/Users/martakepa/.m2/repository/org/springframework/spring-web/5.0.8.RELEASE/spring-web-5.0.8.RELEASE.jar:/Users/martakepa/.m2/repository/org/springframework/spring-webmvc/5.0.8.RELEASE/spring-webmvc-5.0.8.RELEASE.jar:/Users/martakepa/.m2/repository/org/springframework/spring-expression/5.0.8.RELEASE/spring-expression-5.0.8.RELEASE.jar:/Users/martakepa/.m2/repository/org/springframework/boot/spring-boot-starter-test/2.0.4.RELEASE/spring-boot-starter-test-2.0.4.RELEASE.jar:/Users/martakepa/.m2/repository/org/springframework/boot/spring-boot-test/2.0.4.RELEASE/spring-boot-test-2.0.4.RELEASE.jar:/Users/martakepa/.m2/repository/org/springframework/boot/spring-boot-test-autoconfigure/2.0.4.RELEASE/spring-boot-test-autoconfigure-2.0.4.RELEASE.jar:/Users/martakepa/.m2/repository/com/jayway/jsonpath/json-path/2.4.0/json-path-2.4.0.jar:/Users/martakepa/.m2/repository/net/minidev/json-smart/2.3/json-smart-2.3.jar:/Users/martakepa/.m2/repository/net/minidev/accessors-smart/1.2/accessors-smart-1.2.jar:/Users/martakepa/.m2/repository/org/ow2/asm/asm/5.0.4/asm-5.0.4.jar:/Users/martakepa/.m2/repository/junit/junit/4.12/junit-4.12.jar:/Users/martakepa/.m2/repository/org/assertj/assertj-core/3.9.1/assertj-core-3.9.1.jar:/Users/martakepa/.m2/repository/org/mockito/mockito-core/2.15.0/mockito-core-2.15.0.jar:/Users/martakepa/.m2/repository/net/bytebuddy/byte-buddy/1.7.11/byte-buddy-1.7.11.jar:/Users/martakepa/.m2/repository/net/bytebuddy/byte-buddy-agent/1.7.11/byte-buddy-agent-1.7.11.jar:/Users/martakepa/.m2/repository/org/objenesis/objenesis/2.6/objenesis-2.6.jar:/Users/martakepa/.m2/repository/org/hamcrest/hamcrest-core/1.3/hamcrest-core-1.3.jar:/Users/martakepa/.m2/repository/org/hamcrest/hamcrest-library/1.3/hamcrest-library-1.3.jar:/Users/martakepa/.m2/repository/org/skyscreamer/jsonassert/1.5.0/jsonassert-1.5.0.jar:/Users/martakepa/.m2/repository/com/vaadin/external/google/android-json/0.0.20131108.vaadin1/android-json-0.0.20131108.vaadin1.jar:/Users/martakepa/.m2/repository/org/springframework/spring-core/5.0.8.RELEASE/spring-core-5.0.8.RELEASE.jar:/Users/martakepa/.m2/repository/org/springframework/spring-jcl/5.0.8.RELEASE/spring-jcl-5.0.8.RELEASE.jar:/Users/martakepa/.m2/repository/org/springframework/spring-test/5.0.8.RELEASE/spring-test-5.0.8.RELEASE.jar:/Users/martakepa/.m2/repository/org/xmlunit/xmlunit-core/2.5.1/xmlunit-core-2.5.1.jar:/Users/martakepa/.m2/repository/mysql/mysql-connector-java/5.1.46/mysql-connector-java-5.1.46.jar:/Users/martakepa/.m2/repository/taglibs/standard/1.1.2/standard-1.1.2.jar:/Users/martakepa/.m2/repository/org/projectlombok/lombok/1.18.2/lombok-1.18.2.jar:/Users/martakepa/.m2/repository/org/springframework/boot/spring-boot-starter-thymeleaf/2.0.4.RELEASE/spring-boot-starter-thymeleaf-2.0.4.RELEASE.jar:/Users/martakepa/.m2/repository/org/thymeleaf/thymeleaf-spring5/3.0.9.RELEASE/thymeleaf-spring5-3.0.9.RELEASE.jar:/Users/martakepa/.m2/repository/org/thymeleaf/thymeleaf/3.0.9.RELEASE/thymeleaf-3.0.9.RELEASE.jar:/Users/martakepa/.m2/repository/org/attoparser/attoparser/2.0.4.RELEASE/attoparser-2.0.4.RELEASE.jar:/Users/martakepa/.m2/repository/org/unbescape/unbescape/1.1.5.RELEASE/unbescape-1.1.5.RELEASE.jar:/Users/martakepa/.m2/repository/org/thymeleaf/extras/thymeleaf-extras-java8time/3.0.1.RELEASE/thymeleaf-extras-java8time-3.0.1.RELEASE.jar:/Users/martakepa/.m2/repository/org/mindrot/jbcrypt/0.4/jbcrypt-0.4.jar:/Users/martakepa/.m2/repository/javax/servlet/jsp/jstl/javax.servlet.jsp.jstl-api/1.2.1/javax.servlet.jsp.jstl-api-1.2.1.jar:/Users/martakepa/.m2/repository/org/apache/tomcat/embed/tomcat-embed-jasper/8.5.32/tomcat-embed-jasper-8.5.32.jar:/Users/martakepa/.m2/repository/org/apache/tomcat/embed/tomcat-embed-core/8.5.32/tomcat-embed-core-8.5.32.jar:/Users/martakepa/.m2/repository/org/apache/tomcat/tomcat-annotations-api/8.5.32/tomcat-annotations-api-8.5.32.jar:/Users/martakepa/.m2/repository/org/apache/tomcat/embed/tomcat-embed-el/8.5.32/tomcat-embed-el-8.5.32.jar:/Users/martakepa/.m2/repository/org/eclipse/jdt/ecj/3.12.3/ecj-3.12.3.jar:, sun.cpu.endian=little, user.home=/Users/martakepa, user.language=pl, java.specification.vendor=Oracle Corporation, java.home=/Library/Java/JavaVirtualMachines/jdk-9.0.1.jdk/Contents/Home, file.separator=/, basedir=/Users/martakepa/Desktop/prework/tweeter-app, java.vm.compressedOopsMode=Zero based, line.separator=
, java.specification.name=Java Platform API Specification, java.vm.specification.vendor=Oracle Corporation, java.awt.graphicsenv=sun.awt.CGraphicsEnvironment, surefire.real.class.path=/Users/martakepa/Desktop/prework/tweeter-app/target/surefire/surefirebooter16522433382349621244.jar, sun.management.compiler=HotSpot 64-Bit Tiered Compilers, ftp.nonProxyHosts=local|*.local|169.254/16|*.169.254/16, java.runtime.version=9.0.1+11, user.name=martakepa, path.separator=:, os.version=10.13.6, java.runtime.name=Java(TM) SE Runtime Environment, file.encoding=UTF-8, java.vm.name=Java HotSpot(TM) 64-Bit Server VM, localRepository=/Users/martakepa/.m2/repository, java.vendor.url.bug=http://bugreport.java.com/bugreport/, java.io.tmpdir=/var/folders/bk/wcn344b54b13q01k42vvc80m0000gn/T/, idea.version=2018.2.2, java.version=9.0.1, user.dir=/Users/martakepa/Desktop/prework/tweeter-app, os.arch=x86_64, java.vm.specification.name=Java Virtual Machine Specification, java.awt.printerjob=sun.lwawt.macosx.CPrinterJob, sun.os.patch.level=unknown, java.library.path=/Users/martakepa/Library/Java/Extensions:/Library/Java/Extensions:/Network/Library/Java/Extensions:/System/Library/Java/Extensions:/usr/lib/java:., java.vm.info=mixed mode, java.vendor=Oracle Corporation, java.vm.version=9.0.1+11, sun.io.unicode.encoding=UnicodeBig, java.class.version=53.0, socksNonProxyHosts=local|*.local|169.254/16|*.169.254/16}}, SystemEnvironmentPropertySource@1267655902 {name='systemEnvironment', properties={PATH=/usr/local/bin:/usr/bin:/bin:/usr/sbin:/sbin, SHELL=/bin/bash, JAVA_MAIN_CLASS_4971=org.apache.maven.surefire.booter.ForkedBooter, OLDPWD=/Users/martakepa/Desktop/prework/tweeter-app, VERSIONER_PYTHON_PREFER_32_BIT=no, USER=martakepa, TMPDIR=/var/folders/bk/wcn344b54b13q01k42vvc80m0000gn/T/, SSH_AUTH_SOCK=/private/tmp/com.apple.launchd.eme5fI03ms/Listeners, XPC_FLAGS=0x0, VERSIONER_PYTHON_VERSION=2.7, __CF_USER_TEXT_ENCODING=0x1F5:0x1D:0x2A, Apple_PubSub_Socket_Render=/private/tmp/com.apple.launchd.UysaoOFbsb/Render, LOGNAME=martakepa, LC_CTYPE=pl_PL.UTF-8, XPC_SERVICE_NAME=0, JAVA_MAIN_CLASS_4967=org.codehaus.classworlds.Launcher, PWD=/Users/martakepa/Desktop/prework/tweeter-app, HOME=/Users/martakepa, SHLVL=1, _=/Library/Java/JavaVirtualMachines/jdk-9.0.1.jdk/Contents/Home/bin/java}}]
21:46:25.407 [main] DEBUG org.springframework.core.io.support.PathMatchingResourcePatternResolver - Resolved classpath location [pl/coderslab/tweeterapp/] to resources [URL [file:/Users/martakepa/Desktop/prework/tweeter-app/target/test-classes/pl/coderslab/tweeterapp/]]
21:46:25.411 [main] DEBUG org.springframework.core.io.support.PathMatchingResourcePatternResolver - Looking for matching resources in directory tree [/Users/martakepa/Desktop/prework/tweeter-app/target/test-classes/pl/coderslab/tweeterapp]
21:46:25.414 [main] DEBUG org.springframework.core.io.support.PathMatchingResourcePatternResolver - Searching directory [/Users/martakepa/Desktop/prework/tweeter-app/target/test-classes/pl/coderslab/tweeterapp] for files matching pattern [/Users/martakepa/Desktop/prework/tweeter-app/target/test-classes/pl/coderslab/tweeterapp/*.class]
21:46:25.425 [main] DEBUG org.springframework.core.io.support.PathMatchingResourcePatternResolver - Resolved location pattern [classpath*:pl/coderslab/tweeterapp/*.class] to resources [file [/Users/martakepa/Desktop/prework/tweeter-app/target/test-classes/pl/coderslab/tweeterapp/TweeterAppApplicationTests.class]]
21:46:25.471 [main] DEBUG org.springframework.core.io.support.PathMatchingResourcePatternResolver - Resolved classpath location [pl/coderslab/] to resources [URL [file:/Users/martakepa/Desktop/prework/tweeter-app/target/test-classes/pl/coderslab/], URL [file:/Users/martakepa/Desktop/prework/tweeter-app/target/classes/pl/coderslab/]]
21:46:25.472 [main] DEBUG org.springframework.core.io.support.PathMatchingResourcePatternResolver - Looking for matching resources in directory tree [/Users/martakepa/Desktop/prework/tweeter-app/target/test-classes/pl/coderslab]
21:46:25.472 [main] DEBUG org.springframework.core.io.support.PathMatchingResourcePatternResolver - Searching directory [/Users/martakepa/Desktop/prework/tweeter-app/target/test-classes/pl/coderslab] for files matching pattern [/Users/martakepa/Desktop/prework/tweeter-app/target/test-classes/pl/coderslab/*.class]
21:46:25.473 [main] DEBUG org.springframework.core.io.support.PathMatchingResourcePatternResolver - Looking for matching resources in directory tree [/Users/martakepa/Desktop/prework/tweeter-app/target/classes/pl/coderslab]
21:46:25.473 [main] DEBUG org.springframework.core.io.support.PathMatchingResourcePatternResolver - Searching directory [/Users/martakepa/Desktop/prework/tweeter-app/target/classes/pl/coderslab] for files matching pattern [/Users/martakepa/Desktop/prework/tweeter-app/target/classes/pl/coderslab/*.class]
21:46:25.473 [main] DEBUG org.springframework.core.io.support.PathMatchingResourcePatternResolver - Resolved location pattern [classpath*:pl/coderslab/*.class] to resources []
21:46:25.474 [main] DEBUG org.springframework.core.io.support.PathMatchingResourcePatternResolver - Resolved classpath location [pl/] to resources [URL [file:/Users/martakepa/Desktop/prework/tweeter-app/target/test-classes/pl/], URL [file:/Users/martakepa/Desktop/prework/tweeter-app/target/classes/pl/]]
21:46:25.474 [main] DEBUG org.springframework.core.io.support.PathMatchingResourcePatternResolver - Looking for matching resources in directory tree [/Users/martakepa/Desktop/prework/tweeter-app/target/test-classes/pl]
21:46:25.475 [main] DEBUG org.springframework.core.io.support.PathMatchingResourcePatternResolver - Searching directory [/Users/martakepa/Desktop/prework/tweeter-app/target/test-classes/pl] for files matching pattern [/Users/martakepa/Desktop/prework/tweeter-app/target/test-classes/pl/*.class]
21:46:25.476 [main] DEBUG org.springframework.core.io.support.PathMatchingResourcePatternResolver - Looking for matching resources in directory tree [/Users/martakepa/Desktop/prework/tweeter-app/target/classes/pl]
21:46:25.476 [main] DEBUG org.springframework.core.io.support.PathMatchingResourcePatternResolver - Searching directory [/Users/martakepa/Desktop/prework/tweeter-app/target/classes/pl] for files matching pattern [/Users/martakepa/Desktop/prework/tweeter-app/target/classes/pl/*.class]
21:46:25.477 [main] DEBUG org.springframework.core.io.support.PathMatchingResourcePatternResolver - Resolved location pattern [classpath*:pl/*.class] to resources []
]]></system-out>
  </testcase>
</testsuite>